CRITICAL - 2023-11-27 08:21:35 --> Invalid file: "content/paises.php"
in SYSTEMPATH\Exceptions\FrameworkException.php on line 39.
 1 SYSTEMPATH\View\View.php(216): CodeIgniter\Exceptions\FrameworkException::forInvalidFile('content/paises.php')
 2 SYSTEMPATH\Common.php(1190): CodeIgniter\View\View->render('content/paises', [], true)
 3 APPPATH\Controllers\Paises.php(20): view('content/paises')
 4 SYSTEMPATH\CodeIgniter.php(942): App\Controllers\Paises->Paises()
 5 SYSTEMPATH\CodeIgniter.php(502): CodeIgniter\CodeIgniter->runController(Object(App\Controllers\Paises))
 6 SYSTEMPATH\CodeIgniter.php(361): CodeIgniter\CodeIgniter->handleRequest(null, Object(Config\Cache), false)
 7 FCPATH\index.php(79): CodeIgniter\CodeIgniter->run()
CRITICAL - 2023-11-27 08:21:36 --> Invalid file: "content/paises.php"
in SYSTEMPATH\Exceptions\FrameworkException.php on line 39.
 1 SYSTEMPATH\View\View.php(216): CodeIgniter\Exceptions\FrameworkException::forInvalidFile('content/paises.php')
 2 SYSTEMPATH\Common.php(1190): CodeIgniter\View\View->render('content/paises', [], true)
 3 APPPATH\Controllers\Paises.php(20): view('content/paises')
 4 SYSTEMPATH\CodeIgniter.php(942): App\Controllers\Paises->Paises()
 5 SYSTEMPATH\CodeIgniter.php(502): CodeIgniter\CodeIgniter->runController(Object(App\Controllers\Paises))
 6 SYSTEMPATH\CodeIgniter.php(361): CodeIgniter\CodeIgniter->handleRequest(null, Object(Config\Cache), false)
 7 FCPATH\index.php(79): CodeIgniter\CodeIgniter->run()
CRITICAL - 2023-11-27 08:40:02 --> Invalid file: "content/Paises.php"
in SYSTEMPATH\Exceptions\FrameworkException.php on line 39.
 1 SYSTEMPATH\View\View.php(216): CodeIgniter\Exceptions\FrameworkException::forInvalidFile('content/Paises.php')
 2 SYSTEMPATH\Common.php(1190): CodeIgniter\View\View->render('content/Paises', [], true)
 3 APPPATH\Controllers\Paises.php(20): view('content/Paises')
 4 SYSTEMPATH\CodeIgniter.php(942): App\Controllers\Paises->Paises()
 5 SYSTEMPATH\CodeIgniter.php(502): CodeIgniter\CodeIgniter->runController(Object(App\Controllers\Paises))
 6 SYSTEMPATH\CodeIgniter.php(361): CodeIgniter\CodeIgniter->handleRequest(null, Object(Config\Cache), false)
 7 FCPATH\index.php(79): CodeIgniter\CodeIgniter->run()
CRITICAL - 2023-11-27 10:50:21 --> Undefined variable $totalTime
in SYSTEMPATH\Debug\Toolbar\Views\toolbar.tpl.php on line 46.
 1 SYSTEMPATH\Debug\Toolbar\Views\toolbar.tpl.php(46): CodeIgniter\Debug\Exceptions->errorHandler(2, 'Undefined variable $totalTime', 'C:\\xampp\\htdocs\\codeigniter-vehiculos\\system\\Debug\\Toolbar\\Views\\toolbar.tpl.php', 46)
 2 SYSTEMPATH\Debug\Toolbar.php(513): include('C:\\xampp\\htdocs\\codeigniter-vehiculos\\system\\Debug\\Toolbar\\Views\\toolbar.tpl.php')
 3 SYSTEMPATH\Debug\Toolbar.php(476): CodeIgniter\Debug\Toolbar->format([...], 'html')
 4 APPPATH\Config\Events.php(47): CodeIgniter\Debug\Toolbar->respond()
 5 SYSTEMPATH\Events\Events.php(154): CodeIgniter\Events\Events::Config\{closure}()
 6 SYSTEMPATH\CodeIgniter.php(442): CodeIgniter\Events\Events::trigger('pre_system')
 7 SYSTEMPATH\CodeIgniter.php(361): CodeIgniter\CodeIgniter->handleRequest(null, Object(Config\Cache), false)
 8 FCPATH\index.php(79): CodeIgniter\CodeIgniter->run()
CRITICAL - 2023-11-27 11:48:19 --> Undefined variable $seleccionado
in APPPATH\Views\content\menu-lateral.php on line 9.
 1 APPPATH\Views\content\menu-lateral.php(9): CodeIgniter\Debug\Exceptions->errorHandler(2, 'Undefined variable $seleccionado', 'C:\\xampp\\htdocs\\codeigniter-vehiculos\\app\\Views\\content\\menu-lateral.php', 9)
 2 SYSTEMPATH\View\View.php(228): include('C:\\xampp\\htdocs\\codeigniter-vehiculos\\app\\Views\\content\\menu-lateral.php')
 3 SYSTEMPATH\View\View.php(231): CodeIgniter\View\View->CodeIgniter\View\{closure}()
 4 SYSTEMPATH\Common.php(1190): CodeIgniter\View\View->render('content/menu-lateral', [], true)
 5 APPPATH\Controllers\Paises.php(50): view('content/menu-lateral')
 6 SYSTEMPATH\CodeIgniter.php(942): App\Controllers\Paises->Colombia()
 7 SYSTEMPATH\CodeIgniter.php(502): CodeIgniter\CodeIgniter->runController(Object(App\Controllers\Paises))
 8 SYSTEMPATH\CodeIgniter.php(361): CodeIgniter\CodeIgniter->handleRequest(null, Object(Config\Cache), false)
 9 FCPATH\index.php(79): CodeIgniter\CodeIgniter->run()
CRITICAL - 2023-11-27 11:49:24 --> Call to undefined function ()
in APPPATH\Views\content\menu-lateral.php on line 32.
 1 SYSTEMPATH\View\View.php(228): include()
 2 SYSTEMPATH\View\View.php(231): CodeIgniter\View\View->CodeIgniter\View\{closure}()
 3 SYSTEMPATH\Common.php(1190): CodeIgniter\View\View->render('content/menu-lateral', [], true)
 4 APPPATH\Controllers\Paises.php(53): view('content/menu-lateral')
 5 SYSTEMPATH\CodeIgniter.php(942): App\Controllers\Paises->Colombia()
 6 SYSTEMPATH\CodeIgniter.php(502): CodeIgniter\CodeIgniter->runController(Object(App\Controllers\Paises))
 7 SYSTEMPATH\CodeIgniter.php(361): CodeIgniter\CodeIgniter->handleRequest(null, Object(Config\Cache), false)
 8 FCPATH\index.php(79): CodeIgniter\CodeIgniter->run()
CRITICAL - 2023-11-27 11:49:37 --> Call to undefined function ()
in APPPATH\Views\content\menu-lateral.php on line 32.
 1 SYSTEMPATH\View\View.php(228): include()
 2 SYSTEMPATH\View\View.php(231): CodeIgniter\View\View->CodeIgniter\View\{closure}()
 3 SYSTEMPATH\Common.php(1190): CodeIgniter\View\View->render('content/menu-lateral', [], true)
 4 APPPATH\Controllers\Paises.php(53): view('content/menu-lateral')
 5 SYSTEMPATH\CodeIgniter.php(942): App\Controllers\Paises->Colombia()
 6 SYSTEMPATH\CodeIgniter.php(502): CodeIgniter\CodeIgniter->runController(Object(App\Controllers\Paises))
 7 SYSTEMPATH\CodeIgniter.php(361): CodeIgniter\CodeIgniter->handleRequest(null, Object(Config\Cache), false)
 8 FCPATH\index.php(79): CodeIgniter\CodeIgniter->run()
CRITICAL - 2023-11-27 11:50:33 --> Call to undefined function ()
in APPPATH\Views\content\menu-lateral.php on line 32.
 1 SYSTEMPATH\View\View.php(228): include()
 2 SYSTEMPATH\View\View.php(231): CodeIgniter\View\View->CodeIgniter\View\{closure}()
 3 SYSTEMPATH\Common.php(1190): CodeIgniter\View\View->render('content/menu-lateral', [], true)
 4 APPPATH\Controllers\Paises.php(53): view('content/menu-lateral')
 5 SYSTEMPATH\CodeIgniter.php(942): App\Controllers\Paises->Colombia()
 6 SYSTEMPATH\CodeIgniter.php(502): CodeIgniter\CodeIgniter->runController(Object(App\Controllers\Paises))
 7 SYSTEMPATH\CodeIgniter.php(361): CodeIgniter\CodeIgniter->handleRequest(null, Object(Config\Cache), false)
 8 FCPATH\index.php(79): CodeIgniter\CodeIgniter->run()
CRITICAL - 2023-11-27 11:50:34 --> Call to undefined function ()
in APPPATH\Views\content\menu-lateral.php on line 32.
 1 SYSTEMPATH\View\View.php(228): include()
 2 SYSTEMPATH\View\View.php(231): CodeIgniter\View\View->CodeIgniter\View\{closure}()
 3 SYSTEMPATH\Common.php(1190): CodeIgniter\View\View->render('content/menu-lateral', [], true)
 4 APPPATH\Controllers\Paises.php(53): view('content/menu-lateral')
 5 SYSTEMPATH\CodeIgniter.php(942): App\Controllers\Paises->Colombia()
 6 SYSTEMPATH\CodeIgniter.php(502): CodeIgniter\CodeIgniter->runController(Object(App\Controllers\Paises))
 7 SYSTEMPATH\CodeIgniter.php(361): CodeIgniter\CodeIgniter->handleRequest(null, Object(Config\Cache), false)
 8 FCPATH\index.php(79): CodeIgniter\CodeIgniter->run()
CRITICAL - 2023-11-27 11:50:34 --> Call to undefined function ()
in APPPATH\Views\content\menu-lateral.php on line 32.
 1 SYSTEMPATH\View\View.php(228): include()
 2 SYSTEMPATH\View\View.php(231): CodeIgniter\View\View->CodeIgniter\View\{closure}()
 3 SYSTEMPATH\Common.php(1190): CodeIgniter\View\View->render('content/menu-lateral', [], true)
 4 APPPATH\Controllers\Paises.php(53): view('content/menu-lateral')
 5 SYSTEMPATH\CodeIgniter.php(942): App\Controllers\Paises->Colombia()
 6 SYSTEMPATH\CodeIgniter.php(502): CodeIgniter\CodeIgniter->runController(Object(App\Controllers\Paises))
 7 SYSTEMPATH\CodeIgniter.php(361): CodeIgniter\CodeIgniter->handleRequest(null, Object(Config\Cache), false)
 8 FCPATH\index.php(79): CodeIgniter\CodeIgniter->run()
